<?xml version="1.0" encoding="UTF-8"?>
<!-- Generated by org.testng.reporters.JUnitReportReporter -->
<testsuite hostname="new-host-2.home" name="TestSection1_2" tests="5" failures="0" timestamp="8 Apr 2013 07:30:15 GMT" time="0.056" errors="0">
  <testcase name="testDividesNegative" time="0.001" classname="TestSection1_2"/>
  <testcase name="testDivides" time="0.032" classname="TestSection1_2"/>
  <testcase name="testDividesZero" time="0.004" classname="TestSection1_2"/>
  <testcase name="testTriangle" time="0.001" classname="TestSection1_2"/>
  <testcase name="testRandomInt" time="0.018" classname="TestSection1_2"/>
</testsuite> <!-- TestSection1_2 -->
