<?xml version="1.0" encoding="UTF-8"?>
<!-- Generated by org.testng.reporters.JUnitReportReporter -->
<testsuite hostname="new-host.home" name="TestPolarCoordinates" tests="1" failures="0" timestamp="1 Dec 2012 21:44:26 GMT" time="0.001" errors="0">
  <testcase name="testPolarCoordinates" time="0.001" classname="TestPolarCoordinates"/>
</testsuite> <!-- TestPolarCoordinates -->
