<?xml version="1.0" encoding="UTF-8"?>
<!-- Generated by org.testng.reporters.JUnitReportReporter -->
<testsuite hostname="new-host.home" name="TestTriangle" tests="2" failures="0" timestamp="1 Dec 2012 21:44:26 GMT" time="0.000" errors="0">
  <testcase name="testFailsTriangleInequality" time="0.000" classname="TestTriangle"/>
  <testcase name="testAreAllPositive" time="0.000" classname="TestTriangle"/>
</testsuite> <!-- TestTriangle -->
