<?xml version="1.0" encoding="UTF-8"?>
<!-- Generated by org.testng.reporters.JUnitReportReporter -->
<testsuite hostname="new-host.home" name="TestUseThree" tests="1" failures="0" timestamp="1 Dec 2012 21:44:26 GMT" time="0.012" errors="0">
  <testcase name="testReverseArgs" time="0.012" classname="TestUseThree"/>
</testsuite> <!-- TestUseThree -->
