<?xml version="1.0" encoding="UTF-8"?>
<!-- Generated by org.testng.reporters.JUnitReportReporter -->
<testsuite hostname="new-host.home" name="TestDayOfWeek" tests="4" failures="0" timestamp="1 Dec 2012 21:44:26 GMT" time="0.002" errors="0">
  <testcase name="testDayOfWeek" time="0.002" classname="TestDayOfWeek"/>
  <testcase name="testInvalidDay" time="0.000" classname="TestDayOfWeek"/>
  <testcase name="testInvalidYear" time="0.000" classname="TestDayOfWeek"/>
  <testcase name="testInvalidMonth" time="0.000" classname="TestDayOfWeek"/>
</testsuite> <!-- TestDayOfWeek -->
