<?xml version="1.0" encoding="UTF-8"?>
<!-- Generated by org.testng.reporters.JUnitReportReporter -->
<testsuite hostname="new-host.home" name="TestGravity" tests="1" failures="0" timestamp="1 Dec 2012 21:44:26 GMT" time="0.003" errors="0">
  <testcase name="testAltitude" time="0.003" classname="TestGravity"/>
</testsuite> <!-- TestGravity -->
