<?xml version="1.0" encoding="UTF-8"?>
<!-- Generated by org.testng.reporters.JUnitReportReporter -->
<testsuite hostname="new-host.home" name="TestWindChill" tests="3" failures="0" timestamp="1 Dec 2012 21:44:26 GMT" time="0.000" errors="0">
  <testcase name="testInvalidTemperature" time="0.000" classname="TestWindChill"/>
  <testcase name="testComputeWindChill" time="0.000" classname="TestWindChill"/>
  <testcase name="testInvalidWindSpeed" time="0.000" classname="TestWindChill"/>
</testsuite> <!-- TestWindChill -->
